<?xml version="1.0" encoding="UTF-8"?>
<!-- Generated by org.testng.reporters.JUnitReportReporter -->
<testsuite hostname="DESKTOP-E2BLRP9" failures="0" tests="2" name="Packag_comp.Comphre_Class" time="0.632" errors="0" timestamp="2023-11-08T20:13:17 IST" skipped="0">
  <testcase classname="Packag_comp.Comphre_Class" name="verifyButtons" time="0.168"/>
  <testcase classname="Packag_comp.Comphre_Class" name="verifyLinks" time="0.464"/>
</testsuite> <!-- Packag_comp.Comphre_Class -->
