<?xml version="1.0" encoding="UTF-8"?>
<!-- Generated by org.testng.reporters.JUnitReportReporter -->
<testsuite hostname="DESKTOP-E2BLRP9" failures="0" tests="4" name="Packag_comp.Comphre_class1" time="25.745" errors="0" timestamp="2023-11-16T12:15:50 IST" skipped="0">
  <testcase classname="Packag_comp.Comphre_class1" name="testPageLinks" time="5.219"/>
  <testcase classname="Packag_comp.Comphre_class1" name="testPageLinks" time="4.644"/>
  <testcase classname="Packag_comp.Comphre_class1" name="testPageLinks" time="4.278"/>
  <testcase classname="Packag_comp.Comphre_class1" name="testPageLinks" time="11.604"/>
</testsuite> <!-- Packag_comp.Comphre_class1 -->
